Determining if the pthread_create exist failed with the following output:
Change Dir: /home/rjb102/csc790_project/build_debug/ros_project_gazebo/CMakeFiles/CMakeTmp

Run Build Command:"/usr/bin/make" "cmTC_595dc/fast"
/usr/bin/make -f CMakeFiles/cmTC_595dc.dir/build.make CMakeFiles/cmTC_595dc.dir/build
make[1]: Entering directory '/home/rjb102/csc790_project/build_debug/ros_project_gazebo/CMakeFiles/CMakeTmp'
Building C object CMakeFiles/cmTC_595dc.dir/CheckSymbolExists.c.o
/usr/bin/cc     -o CMakeFiles/cmTC_595dc.dir/CheckSymbolExists.c.o   -c /home/rjb102/csc790_project/build_debug/ros_project_gazebo/CMakeFiles/CMakeTmp/CheckSymbolExists.c
Linking C executable cmTC_595dc
/usr/bin/cmake -E cmake_link_script CMakeFiles/cmTC_595dc.dir/link.txt --verbose=1
/usr/bin/cc       CMakeFiles/cmTC_595dc.dir/CheckSymbolExists.c.o  -o cmTC_595dc -rdynamic 
CMakeFiles/cmTC_595dc.dir/CheckSymbolExists.c.o: In function `main':
CheckSymbolExists.c:(.text+0x16): undefined reference to `pthread_create'
collect2: error: ld returned 1 exit status
CMakeFiles/cmTC_595dc.dir/build.make:97: recipe for target 'cmTC_595dc' failed
make[1]: *** [cmTC_595dc] Error 1
make[1]: Leaving directory '/home/rjb102/csc790_project/build_debug/ros_project_gazebo/CMakeFiles/CMakeTmp'
Makefile:126: recipe for target 'cmTC_595dc/fast' failed
make: *** [cmTC_595dc/fast] Error 2

File /home/rjb102/csc790_project/build_debug/ros_project_gazebo/CMakeFiles/CMakeTmp/CheckSymbolExists.c:
/* */
#include <pthread.h>

int main(int argc, char** argv)
{
  (void)argv;
#ifndef pthread_create
  return ((int*)(&pthread_create))[argc];
#else
  (void)argc;
  return 0;
#endif
}

Determining if the function pthread_create exists in the pthreads failed with the following output:
Change Dir: /home/rjb102/csc790_project/build_debug/ros_project_gazebo/CMakeFiles/CMakeTmp

Run Build Command:"/usr/bin/make" "cmTC_016c3/fast"
/usr/bin/make -f CMakeFiles/cmTC_016c3.dir/build.make CMakeFiles/cmTC_016c3.dir/build
make[1]: Entering directory '/home/rjb102/csc790_project/build_debug/ros_project_gazebo/CMakeFiles/CMakeTmp'
Building C object CMakeFiles/cmTC_016c3.dir/CheckFunctionExists.c.o
/usr/bin/cc    -DCHECK_FUNCTION_EXISTS=pthread_create   -o CMakeFiles/cmTC_016c3.dir/CheckFunctionExists.c.o   -c /usr/share/cmake-3.5/Modules/CheckFunctionExists.c
Linking C executable cmTC_016c3
/usr/bin/cmake -E cmake_link_script CMakeFiles/cmTC_016c3.dir/link.txt --verbose=1
/usr/bin/cc   -DCHECK_FUNCTION_EXISTS=pthread_create    CMakeFiles/cmTC_016c3.dir/CheckFunctionExists.c.o  -o cmTC_016c3 -rdynamic -lpthreads 
/usr/bin/ld: cannot find -lpthreads
collect2: error: ld returned 1 exit status
CMakeFiles/cmTC_016c3.dir/build.make:97: recipe for target 'cmTC_016c3' failed
make[1]: *** [cmTC_016c3] Error 1
make[1]: Leaving directory '/home/rjb102/csc790_project/build_debug/ros_project_gazebo/CMakeFiles/CMakeTmp'
Makefile:126: recipe for target 'cmTC_016c3/fast' failed
make: *** [cmTC_016c3/fast] Error 2


