Determining if the pthread_create exist failed with the following output:
Change Dir: /home/rjb102/csc790_project/build_debug/ros_project_description/CMakeFiles/CMakeTmp

Run Build Command:"/usr/bin/make" "cmTC_431aa/fast"
/usr/bin/make -f CMakeFiles/cmTC_431aa.dir/build.make CMakeFiles/cmTC_431aa.dir/build
make[1]: Entering directory '/home/rjb102/csc790_project/build_debug/ros_project_description/CMakeFiles/CMakeTmp'
Building C object CMakeFiles/cmTC_431aa.dir/CheckSymbolExists.c.o
/usr/bin/cc     -o CMakeFiles/cmTC_431aa.dir/CheckSymbolExists.c.o   -c /home/rjb102/csc790_project/build_debug/ros_project_description/CMakeFiles/CMakeTmp/CheckSymbolExists.c
Linking C executable cmTC_431aa
/usr/bin/cmake -E cmake_link_script CMakeFiles/cmTC_431aa.dir/link.txt --verbose=1
/usr/bin/cc       CMakeFiles/cmTC_431aa.dir/CheckSymbolExists.c.o  -o cmTC_431aa -rdynamic 
CMakeFiles/cmTC_431aa.dir/CheckSymbolExists.c.o: In function `main':
CheckSymbolExists.c:(.text+0x16): undefined reference to `pthread_create'
collect2: error: ld returned 1 exit status
CMakeFiles/cmTC_431aa.dir/build.make:97: recipe for target 'cmTC_431aa' failed
make[1]: *** [cmTC_431aa] Error 1
make[1]: Leaving directory '/home/rjb102/csc790_project/build_debug/ros_project_description/CMakeFiles/CMakeTmp'
Makefile:126: recipe for target 'cmTC_431aa/fast' failed
make: *** [cmTC_431aa/fast] Error 2

File /home/rjb102/csc790_project/build_debug/ros_project_description/CMakeFiles/CMakeTmp/CheckSymbolExists.c:
/* */
#include <pthread.h>

int main(int argc, char** argv)
{
  (void)argv;
#ifndef pthread_create
  return ((int*)(&pthread_create))[argc];
#else
  (void)argc;
  return 0;
#endif
}

Determining if the function pthread_create exists in the pthreads failed with the following output:
Change Dir: /home/rjb102/csc790_project/build_debug/ros_project_description/CMakeFiles/CMakeTmp

Run Build Command:"/usr/bin/make" "cmTC_abdb5/fast"
/usr/bin/make -f CMakeFiles/cmTC_abdb5.dir/build.make CMakeFiles/cmTC_abdb5.dir/build
make[1]: Entering directory '/home/rjb102/csc790_project/build_debug/ros_project_description/CMakeFiles/CMakeTmp'
Building C object CMakeFiles/cmTC_abdb5.dir/CheckFunctionExists.c.o
/usr/bin/cc    -DCHECK_FUNCTION_EXISTS=pthread_create   -o CMakeFiles/cmTC_abdb5.dir/CheckFunctionExists.c.o   -c /usr/share/cmake-3.5/Modules/CheckFunctionExists.c
Linking C executable cmTC_abdb5
/usr/bin/cmake -E cmake_link_script CMakeFiles/cmTC_abdb5.dir/link.txt --verbose=1
/usr/bin/cc   -DCHECK_FUNCTION_EXISTS=pthread_create    CMakeFiles/cmTC_abdb5.dir/CheckFunctionExists.c.o  -o cmTC_abdb5 -rdynamic -lpthreads 
/usr/bin/ld: cannot find -lpthreads
collect2: error: ld returned 1 exit status
CMakeFiles/cmTC_abdb5.dir/build.make:97: recipe for target 'cmTC_abdb5' failed
make[1]: *** [cmTC_abdb5] Error 1
make[1]: Leaving directory '/home/rjb102/csc790_project/build_debug/ros_project_description/CMakeFiles/CMakeTmp'
Makefile:126: recipe for target 'cmTC_abdb5/fast' failed
make: *** [cmTC_abdb5/fast] Error 2


